<?xml version="1.0" encoding="UTF-8"?>
<!-- Generated by org.testng.reporters.JUnitReportReporter -->
<testsuite hostname="Pankajs-MacBook-Air.local" failures="0" tests="1" name="testGitHubUsingTestNG.TestGitHubinTestNG" time="9.167" errors="0" timestamp="26 Jun 2019 15:43:39 GMT" skipped="0">
  <testcase classname="testGitHubUsingTestNG.TestGitHubinTestNG" name="Github" time="9.167"/>
</testsuite> <!-- testGitHubUsingTestNG.TestGitHubinTestNG -->
